Added Component: Designator=B1(BMP280 Joy IT)
Added Component: Designator=D1(PCBComponent_1)
Added Component: Designator=H1(HDR2X2)
Add component (AddParameter): Name = "LatestRevisionDate"; Value = "17-Jul-2002"; VariantName = "[No Variations]"
Add component (AddParameter): Name = "LatestRevisionNote"; Value = "Re-released for DXP Platform."; VariantName = "[No Variations]"
Add component (AddParameter): Name = "Publisher"; Value = "Altium Limited"; VariantName = "[No Variations]"
Added Component: Designator=H2(HDR2X2)
Add component (AddParameter): Name = "LatestRevisionDate"; Value = "17-Jul-2002"; VariantName = "[No Variations]"
Add component (AddParameter): Name = "LatestRevisionNote"; Value = "Re-released for DXP Platform."; VariantName = "[No Variations]"
Add component (AddParameter): Name = "Publisher"; Value = "Altium Limited"; VariantName = "[No Variations]"
Added Component: Designator=LS1(PIN2)
Add component (AddParameter): Name = "LatestRevisionDate"; Value = "17-Jul-2002"; VariantName = "[No Variations]"
Add component (AddParameter): Name = "LatestRevisionNote"; Value = "Re-released for DXP Platform."; VariantName = "[No Variations]"
Add component (AddParameter): Name = "PackageReference"; Value = "PIN2"; VariantName = "[No Variations]"
Add component (AddParameter): Name = "Published"; Value = "24-Mar-1999"; VariantName = "[No Variations]"
Add component (AddParameter): Name = "Publisher"; Value = "Altium Limited"; VariantName = "[No Variations]"
Added Component: Designator=P1(Croduino Nova 2)
Added Pin To Net: NetName=+5V Pin=D1-1
Added Pin To Net: NetName=+5V Pin=P1-10
Added Net: Name=+5V
Added Pin To Net: NetName=3V3 Pin=B1-2
Added Pin To Net: NetName=3V3 Pin=P1-20
Added Net: Name=3V3
Added Pin To Net: NetName=GND Pin=B1-1
Added Pin To Net: NetName=GND Pin=D1-3
Added Pin To Net: NetName=GND Pin=H1-2
Added Pin To Net: NetName=GND Pin=H2-4
Added Pin To Net: NetName=GND Pin=LS1-2
Added Pin To Net: NetName=GND Pin=P1-9
Added Pin To Net: NetName=GND Pin=P1-18
Added Pin To Net: NetName=GND Pin=P1-19
Added Net: Name=GND
Added Pin To Net: NetName=NetB1_3 Pin=B1-3
Added Pin To Net: NetName=NetB1_3 Pin=P1-13
Added Net: Name=NetB1_3
Added Pin To Net: NetName=NetB1_4 Pin=B1-4
Added Pin To Net: NetName=NetB1_4 Pin=P1-14
Added Net: Name=NetB1_4
Added Pin To Net: NetName=NetD1_2 Pin=D1-2
Added Pin To Net: NetName=NetD1_2 Pin=P1-16
Added Net: Name=NetD1_2
Added Pin To Net: NetName=NetH1_4 Pin=H1-4
Added Pin To Net: NetName=NetH1_4 Pin=P1-6
Added Net: Name=NetH1_4
Added Pin To Net: NetName=NetH2_2 Pin=H2-2
Added Pin To Net: NetName=NetH2_2 Pin=P1-7
Added Net: Name=NetH2_2
Added Pin To Net: NetName=NetLS1_1 Pin=LS1-1
Added Pin To Net: NetName=NetLS1_1 Pin=P1-17
Added Net: Name=NetLS1_1
Added Class: Name=wes_iot
Added Room: Name=wes_iot
